2024-02-20 06:55:21,863 INFO Connecting to 149.154.167.51:443/TcpFull...
2024-02-20 06:55:21,966 INFO Connection to 149.154.167.51:443/TcpFull complete!
2024-02-20 06:55:22,970 INFO Uploading file of 7334 bytes in 1 chunks of 131072
2024-02-20 06:56:23,931 INFO Uploading file of 7363 bytes in 1 chunks of 131072
2024-02-20 06:57:24,475 INFO Uploading file of 8183 bytes in 1 chunks of 131072
2024-02-20 06:58:25,560 INFO Uploading file of 8272 bytes in 1 chunks of 131072
2024-02-20 06:59:26,204 INFO Uploading file of 8168 bytes in 1 chunks of 131072
2024-02-20 07:00:26,706 INFO Uploading file of 7618 bytes in 1 chunks of 131072
2024-02-20 07:01:27,338 INFO Uploading file of 8377 bytes in 1 chunks of 131072
2024-02-20 07:02:27,921 INFO Uploading file of 8285 bytes in 1 chunks of 131072
2024-02-20 07:03:28,915 INFO Got difference for account updates
2024-02-20 07:03:29,100 INFO Uploading file of 8702 bytes in 1 chunks of 131072
2024-02-20 07:04:29,774 INFO Uploading file of 8821 bytes in 1 chunks of 131072
2024-02-20 07:05:30,421 INFO Uploading file of 8680 bytes in 1 chunks of 131072
2024-02-20 07:06:31,081 INFO Uploading file of 8203 bytes in 1 chunks of 131072
2024-02-20 07:07:32,516 INFO Uploading file of 7651 bytes in 1 chunks of 131072
2024-02-20 07:08:33,747 INFO Uploading file of 8326 bytes in 1 chunks of 131072
2024-02-20 07:09:34,409 INFO Uploading file of 8035 bytes in 1 chunks of 131072
2024-02-20 07:10:35,268 INFO Uploading file of 8387 bytes in 1 chunks of 131072
2024-02-20 07:11:35,886 INFO Uploading file of 6546 bytes in 1 chunks of 131072
2024-02-20 07:12:36,468 INFO Uploading file of 7775 bytes in 1 chunks of 131072
2024-02-20 07:13:37,046 INFO Uploading file of 7762 bytes in 1 chunks of 131072
2024-02-20 07:14:37,583 INFO Uploading file of 7827 bytes in 1 chunks of 131072
2024-02-20 07:15:38,685 INFO Uploading file of 7731 bytes in 1 chunks of 131072
2024-02-20 07:16:40,258 INFO Uploading file of 7946 bytes in 1 chunks of 131072
2024-02-20 07:17:40,917 INFO Uploading file of 6584 bytes in 1 chunks of 131072
2024-02-20 07:18:41,504 INFO Uploading file of 8143 bytes in 1 chunks of 131072
2024-02-20 07:19:42,117 INFO Uploading file of 7951 bytes in 1 chunks of 131072
2024-02-20 07:20:42,646 INFO Uploading file of 8261 bytes in 1 chunks of 131072
2024-02-20 07:21:43,145 INFO Uploading file of 7770 bytes in 1 chunks of 131072
2024-02-20 07:22:43,923 INFO Uploading file of 6947 bytes in 1 chunks of 131072
2024-02-20 07:23:44,711 INFO Uploading file of 8091 bytes in 1 chunks of 131072
2024-02-20 07:24:45,446 INFO Uploading file of 8177 bytes in 1 chunks of 131072
2024-02-20 07:25:46,124 INFO Uploading file of 8045 bytes in 1 chunks of 131072
2024-02-20 07:26:46,912 INFO Uploading file of 7980 bytes in 1 chunks of 131072
2024-02-20 07:27:47,532 INFO Uploading file of 6996 bytes in 1 chunks of 131072
2024-02-20 07:28:48,155 INFO Uploading file of 7627 bytes in 1 chunks of 131072
2024-02-20 07:29:48,819 INFO Uploading file of 7940 bytes in 1 chunks of 131072
2024-02-20 07:30:49,754 INFO Uploading file of 8706 bytes in 1 chunks of 131072
2024-02-20 07:31:50,413 INFO Uploading file of 7768 bytes in 1 chunks of 131072
2024-02-20 07:32:50,980 INFO Uploading file of 8096 bytes in 1 chunks of 131072
2024-02-20 07:33:51,690 INFO Uploading file of 6965 bytes in 1 chunks of 131072
2024-02-20 07:34:52,200 INFO Uploading file of 8184 bytes in 1 chunks of 131072
2024-02-20 07:35:52,792 INFO Uploading file of 8060 bytes in 1 chunks of 131072
2024-02-20 07:36:53,998 INFO Uploading file of 8251 bytes in 1 chunks of 131072
2024-02-20 07:37:54,790 INFO Uploading file of 6971 bytes in 1 chunks of 131072
2024-02-20 07:38:55,952 INFO Uploading file of 8438 bytes in 1 chunks of 131072
2024-02-20 07:39:56,486 INFO Uploading file of 8234 bytes in 1 chunks of 131072
2024-02-20 07:40:57,102 INFO Uploading file of 8796 bytes in 1 chunks of 131072
2024-02-20 07:41:57,748 INFO Uploading file of 7829 bytes in 1 chunks of 131072
2024-02-20 07:42:58,305 INFO Uploading file of 8191 bytes in 1 chunks of 131072
2024-02-20 07:43:58,911 INFO Uploading file of 8169 bytes in 1 chunks of 131072
2024-02-20 07:44:59,433 INFO Uploading file of 7038 bytes in 1 chunks of 131072
2024-02-20 07:46:00,340 INFO Uploading file of 8329 bytes in 1 chunks of 131072
2024-02-20 07:47:00,864 INFO Uploading file of 7066 bytes in 1 chunks of 131072
2024-02-20 07:48:02,372 INFO Uploading file of 8503 bytes in 1 chunks of 131072
2024-02-20 07:49:03,269 INFO Uploading file of 8306 bytes in 1 chunks of 131072
2024-02-20 07:50:03,954 INFO Uploading file of 8666 bytes in 1 chunks of 131072
2024-02-20 07:51:04,567 INFO Uploading file of 7724 bytes in 1 chunks of 131072
2024-02-20 07:52:05,608 INFO Uploading file of 8049 bytes in 1 chunks of 131072
2024-02-20 07:53:07,641 INFO Uploading file of 8042 bytes in 1 chunks of 131072
2024-02-20 07:54:08,552 INFO Uploading file of 7830 bytes in 1 chunks of 131072
2024-02-20 07:59:31,122 INFO Connecting to 149.154.167.51:443/TcpFull...
2024-02-20 07:59:31,259 INFO Connection to 149.154.167.51:443/TcpFull complete!
2024-02-20 07:59:32,782 INFO Uploading file of 8183 bytes in 1 chunks of 131072
2024-02-20 07:59:33,391 INFO Фото загружено
2024-02-20 08:04:33,395 WARNING Server sent a very old message with ID 7337497962182779905, ignoring (see FAQ for details)
2024-02-20 08:04:33,689 INFO Фото удалено
2024-02-20 08:04:33,742 INFO Uploading file of 8674 bytes in 1 chunks of 131072
2024-02-20 08:04:34,154 INFO Фото загружено
2024-02-20 08:09:34,156 WARNING Server sent a very old message with ID 7337499253964174337, ignoring (see FAQ for details)
2024-02-20 08:09:34,385 INFO Фото удалено
2024-02-20 08:09:34,454 INFO Uploading file of 7758 bytes in 1 chunks of 131072
2024-02-20 08:09:34,809 INFO Фото загружено
2024-02-20 08:14:34,826 WARNING Server sent a very old message with ID 7337500545242531841, ignoring (see FAQ for details)
2024-02-20 08:14:35,529 INFO Фото удалено
2024-02-20 08:14:35,699 INFO Uploading file of 8456 bytes in 1 chunks of 131072
2024-02-20 08:14:36,077 INFO Фото загружено
2024-02-20 08:19:36,079 WARNING Server sent a very old message with ID 7337501839175359489, ignoring (see FAQ for details)
2024-02-20 08:19:36,321 INFO Фото удалено
2024-02-20 08:19:36,364 INFO Uploading file of 7852 bytes in 1 chunks of 131072
2024-02-20 08:19:36,642 INFO Фото загружено
2024-02-20 08:24:36,642 WARNING Server sent a very old message with ID 7337503130092545025, ignoring (see FAQ for details)
2024-02-20 08:24:36,920 INFO Фото удалено
2024-02-20 08:24:37,056 INFO Uploading file of 7993 bytes in 1 chunks of 131072
2024-02-20 08:24:37,428 INFO Фото загружено
2024-02-20 08:29:37,429 WARNING Server sent a very old message with ID 7337504421961193473, ignoring (see FAQ for details)
2024-02-20 08:29:37,818 INFO Фото удалено
2024-02-20 08:29:37,921 INFO Uploading file of 7350 bytes in 1 chunks of 131072
2024-02-20 08:29:38,315 INFO Фото загружено
2024-02-20 08:34:38,316 WARNING Server sent a very old message with ID 7337505714262345729, ignoring (see FAQ for details)
2024-02-20 08:34:38,554 INFO Фото удалено
2024-02-20 08:34:38,623 INFO Uploading file of 8755 bytes in 1 chunks of 131072
2024-02-20 08:34:38,883 INFO Фото загружено
2024-02-20 08:39:38,880 WARNING Server sent a very old message with ID 7337507005216095233, ignoring (see FAQ for details)
2024-02-20 08:39:39,106 INFO Фото удалено
2024-02-20 08:39:39,136 INFO Uploading file of 8151 bytes in 1 chunks of 131072
2024-02-20 08:39:39,493 INFO Фото загружено
2024-02-20 08:44:39,491 WARNING Server sent a very old message with ID 7337508296325958657, ignoring (see FAQ for details)
2024-02-20 08:44:39,769 INFO Фото удалено
2024-02-20 08:44:39,842 INFO Uploading file of 7667 bytes in 1 chunks of 131072
2024-02-20 08:44:40,203 INFO Фото загружено
2024-02-20 08:50:30,588 WARNING Server sent a very old message with ID 7337509587867346945, ignoring (see FAQ for details)
2024-02-20 08:50:30,848 INFO Фото удалено
2024-02-20 08:50:30,933 INFO Uploading file of 8497 bytes in 1 chunks of 131072
2024-02-20 08:50:31,290 INFO Фото загружено
2024-02-20 08:55:31,290 WARNING Server sent a very old message with ID 7337511095757470721, ignoring (see FAQ for details)
2024-02-20 08:55:31,630 INFO Фото удалено
2024-02-20 08:55:31,685 INFO Uploading file of 7543 bytes in 1 chunks of 131072
2024-02-20 08:55:32,063 INFO Фото загружено
2024-02-20 09:00:32,061 WARNING Server sent a very old message with ID 7337512387568972801, ignoring (see FAQ for details)
2024-02-20 09:00:32,298 INFO Фото удалено
2024-02-20 09:00:32,350 INFO Uploading file of 7166 bytes in 1 chunks of 131072
2024-02-20 09:00:32,620 INFO Фото загружено
2024-02-20 09:05:33,011 INFO Фото удалено
2024-02-20 09:05:33,072 INFO Uploading file of 8240 bytes in 1 chunks of 131072
2024-02-20 09:05:33,496 INFO Фото загружено
2024-02-20 09:10:33,493 WARNING Server sent a very old message with ID 7337514970691148801, ignoring (see FAQ for details)
2024-02-20 09:10:33,730 INFO Фото удалено
2024-02-20 09:10:33,828 INFO Uploading file of 7996 bytes in 1 chunks of 131072
2024-02-20 09:10:34,207 INFO Фото загружено
2024-02-20 09:15:34,208 WARNING Server sent a very old message with ID 7337516262244453377, ignoring (see FAQ for details)
2024-02-20 09:15:34,563 INFO Фото удалено
2024-02-20 09:15:34,783 INFO Uploading file of 8155 bytes in 1 chunks of 131072
2024-02-20 09:15:35,217 INFO Фото загружено
2024-02-20 09:20:35,219 WARNING Server sent a very old message with ID 7337517555076726785, ignoring (see FAQ for details)
2024-02-20 09:20:35,605 INFO Got difference for account updates
2024-02-20 09:20:35,606 INFO Фото удалено
2024-02-20 09:20:35,931 INFO Uploading file of 7829 bytes in 1 chunks of 131072
2024-02-20 09:20:36,232 INFO Фото загружено
2024-02-20 09:25:36,230 WARNING Server sent a very old message with ID 7337518847909323777, ignoring (see FAQ for details)
2024-02-20 09:25:36,514 INFO Фото удалено
2024-02-20 09:25:36,686 INFO Uploading file of 8136 bytes in 1 chunks of 131072
2024-02-20 09:25:37,029 INFO Фото загружено
2024-02-20 09:30:37,028 WARNING Server sent a very old message with ID 7337520139842453505, ignoring (see FAQ for details)
2024-02-20 09:30:37,289 INFO Got difference for account updates
2024-02-20 09:30:37,311 INFO Фото удалено
2024-02-20 09:30:37,571 INFO Uploading file of 8266 bytes in 1 chunks of 131072
2024-02-20 09:30:37,882 INFO Фото загружено
2024-02-20 09:35:37,974 WARNING Server sent a very old message with ID 7337521431987591169, ignoring (see FAQ for details)
2024-02-20 09:35:38,281 INFO Got difference for account updates
2024-02-20 09:35:38,304 INFO Фото удалено
2024-02-20 09:35:38,482 INFO Uploading file of 8431 bytes in 1 chunks of 131072
2024-02-20 09:35:38,860 INFO Фото загружено
